<?xml version="1.0" encoding="UTF-8"?>
<testsuite xmlns:xsi="http://www.w3.org/2001/XMLSchema-instance" xsi:noNamespaceSchemaLocation="https://maven.apache.org/surefire/maven-surefire-plugin/xsd/surefire-test-report.xsd" name="TestSuite" time="1.015" tests="11" errors="0" skipped="10" failures="1">
  <properties>
[...]
</properties>
  <testcase name="classTest" classname="scripts.LoginTest" time="0.86">
    <failure message="The driver is not executable: /home/tyss/Desktop/demoExtentrepo/./src/main/resources/driver/geckodriver.exe" type="java.lang.IllegalStateException">java.lang.IllegalStateException: The driver is not executable: /home/tyss/Desktop/demoExtentrepo/./src/main/resources/driver/geckodriver.exe
</failure>
  </testcase>
  <testcase name="preCondition" classname="scripts.LoginTest" time="0">
    <skipped/>
  </testcase>
  <testcase name="loginToApp" classname="scripts.LoginTest" time="0">
    <skipped/>
  </testcase>
  <testcase name="postCondition" classname="scripts.LoginTest" time="0">
    <skipped/>
  </testcase>
  <testcase name="afterclass" classname="scripts.LoginTest" time="0">
    <skipped/>
  </testcase>
  <testcase name="classTest" classname="scripts.DressTest" time="0">
    <skipped/>
  </testcase>
  <testcase name="preCondition" classname="scripts.DressTest" time="0">
    <skipped/>
  </testcase>
  <testcase name="dressTest" classname="scripts.DressTest" time="0">
    <skipped/>
  </testcase>
  <testcase name="postCondition" classname="scripts.DressTest" time="0">
    <skipped/>
  </testcase>
  <testcase name="afterclass" classname="scripts.DressTest" time="0">
    <skipped/>
  </testcase>
  <testcase name="end" classname="scripts.LoginTest" time="0">
    <skipped/>
  </testcase>
</testsuite>